{"C:\\Users\\trovarius\\Workspace\\tdd-vue\\src\\App.vue": {"path":"C:\\Users\\trovarius\\Workspace\\tdd-vue\\src\\App.vue","statementMap":{"0":{"start":{"line":43,"column":0},"end":{"line":43,"column":null}},"1":{"start":{"line":52,"column":0},"end":{"line":52,"column":null}}},"fnMap":{"0":{"name":"(anonymous_1)","decl":{"start":{"line":52,"column":0},"end":{"line":52,"column":null}},"loc":{"start":{"line":52,"column":0},"end":{"line":52,"column":null}}}},"branchMap":{},"s":{"0":0,"1":0},"f":{"0":0},"b":{}}
,"C:\\Users\\trovarius\\Workspace\\tdd-vue\\src\\main.js": {"path":"C:\\Users\\trovarius\\Workspace\\tdd-vue\\src\\main.js","statementMap":{"0":{"start":{"line":7,"column":0},"end":{"line":7,"column":33}},"1":{"start":{"line":9,"column":0},"end":{"line":14,"column":18}},"2":{"start":{"line":13,"column":15},"end":{"line":13,"column":21}}},"fnMap":{"0":{"name":"(anonymous_0)","decl":{"start":{"line":13,"column":10},"end":{"line":13,"column":11}},"loc":{"start":{"line":13,"column":15},"end":{"line":13,"column":21}},"line":13}},"branchMap":{},"s":{"0":0,"1":0,"2":0},"f":{"0":0},"b":{},"hash":"41e9e747a354cc7cc8522b6f8344c26986403aaa"}
,"C:\\Users\\trovarius\\Workspace\\tdd-vue\\src\\components\\organisms\\OHelloWorld\\OHelloWorld.vue": {"path":"C:\\Users\\trovarius\\Workspace\\tdd-vue\\src\\components\\organisms\\OHelloWorld\\OHelloWorld.vue","statementMap":{"0":{"start":{"line":88,"column":0},"end":{"line":88,"column":null}}},"fnMap":{"0":{"name":"(anonymous_1)","decl":{"start":{"line":88,"column":0},"end":{"line":88,"column":null}},"loc":{"start":{"line":88,"column":0},"end":{"line":88,"column":null}}}},"branchMap":{},"s":{"0":1},"f":{"0":1},"b":{}}
,"C:\\Users\\trovarius\\Workspace\\tdd-vue\\src\\components\\pages\\Home.vue": {"path":"C:\\Users\\trovarius\\Workspace\\tdd-vue\\src\\components\\pages\\Home.vue","statementMap":{"0":{"start":{"line":10,"column":0},"end":{"line":10,"column":null}}},"fnMap":{},"branchMap":{},"s":{"0":0},"f":{},"b":{}}
,"C:\\Users\\trovarius\\Workspace\\tdd-vue\\src\\plugins\\router\\index.js": {"path":"C:\\Users\\trovarius\\Workspace\\tdd-vue\\src\\plugins\\router\\index.js","statementMap":{"0":{"start":{"line":5,"column":0},"end":{"line":5,"column":19}},"1":{"start":{"line":7,"column":15},"end":{"line":22,"column":1}},"2":{"start":{"line":20,"column":6},"end":{"line":20,"column":76}},"3":{"start":{"line":24,"column":15},"end":{"line":28,"column":2}}},"fnMap":{"0":{"name":"(anonymous_0)","decl":{"start":{"line":19,"column":15},"end":{"line":19,"column":16}},"loc":{"start":{"line":20,"column":6},"end":{"line":20,"column":76}},"line":20}},"branchMap":{},"s":{"0":0,"1":0,"2":0,"3":0},"f":{"0":0},"b":{},"hash":"f5135138f8ccc88c3d75c99d5b8ab28415b49708"}
,"C:\\Users\\trovarius\\Workspace\\tdd-vue\\src\\plugins\\vuetify\\vuetify.js": {"path":"C:\\Users\\trovarius\\Workspace\\tdd-vue\\src\\plugins\\vuetify\\vuetify.js","statementMap":{"0":{"start":{"line":4,"column":0},"end":{"line":4,"column":17}}},"fnMap":{},"branchMap":{},"s":{"0":0},"f":{},"b":{},"hash":"e012a4f583e733cad717d6afa61880adbdc3d13f"}
,"C:\\Users\\trovarius\\Workspace\\tdd-vue\\src\\store\\index.js": {"path":"C:\\Users\\trovarius\\Workspace\\tdd-vue\\src\\store\\index.js","statementMap":{"0":{"start":{"line":4,"column":0},"end":{"line":4,"column":14}}},"fnMap":{},"branchMap":{},"s":{"0":0},"f":{},"b":{},"hash":"579e24eb208c3e5be9bb27fa2296b2d6dd62e791"}
}
