TN:
SF:C:\Users\trovarius\Workspace\tdd-vue\src\App.vue
FN:52,(anonymous_1)
FNF:1
FNH:0
FNDA:0,(anonymous_1)
DA:43,0
DA:52,0
LF:2
LH:0
BRF:0
BRH:0
end_of_record
TN:
SF:C:\Users\trovarius\Workspace\tdd-vue\src\main.js
FN:13,(anonymous_0)
FNF:1
FNH:0
FNDA:0,(anonymous_0)
DA:7,0
DA:9,0
DA:13,0
LF:3
LH:0
BRF:0
BRH:0
end_of_record
TN:
SF:C:\Users\trovarius\Workspace\tdd-vue\src\components\organisms\OHelloWorld\OHelloWorld.vue
FN:88,(anonymous_1)
FNF:1
FNH:1
FNDA:1,(anonymous_1)
DA:88,1
LF:1
LH:1
BRF:0
BRH:0
end_of_record
TN:
SF:C:\Users\trovarius\Workspace\tdd-vue\src\components\pages\Home.vue
FNF:0
FNH:0
DA:10,0
LF:1
LH:0
BRF:0
BRH:0
end_of_record
TN:
SF:C:\Users\trovarius\Workspace\tdd-vue\src\plugins\router\index.js
FN:19,(anonymous_0)
FNF:1
FNH:0
FNDA:0,(anonymous_0)
DA:5,0
DA:7,0
DA:20,0
DA:24,0
LF:4
LH:0
BRF:0
BRH:0
end_of_record
TN:
SF:C:\Users\trovarius\Workspace\tdd-vue\src\plugins\vuetify\vuetify.js
FNF:0
FNH:0
DA:4,0
LF:1
LH:0
BRF:0
BRH:0
end_of_record
TN:
SF:C:\Users\trovarius\Workspace\tdd-vue\src\store\index.js
FNF:0
FNH:0
DA:4,0
LF:1
LH:0
BRF:0
BRH:0
end_of_record
